<?xml version="1.0" encoding="UTF-8"?>
<!-- Generated by org.testng.reporters.JUnitReportReporter -->
<testsuite hostname="DESKTOP-GTM5910" failures="0" tests="1" name="test.LoginPageTest" time="4.036" errors="0" timestamp="2023-07-27T00:05:58 IST" skipped="0">
  <testcase classname="test.LoginPageTest" name="createnewAccount" time="4.036"/>
</testsuite> <!-- test.LoginPageTest -->
